  BoxColliderComponent.cpp
  CollisionManager.cpp
  Converter.cpp
C:\Users\user\Downloads\24.2.19.20.04\5_Project\LinaAnimation\NestModule\Converter.cpp(115,24): warning C4018: '<': signed 또는 unsigned가 일치하지 않습니다.
C:\Users\user\Downloads\24.2.19.20.04\5_Project\LinaAnimation\NestModule\Converter.cpp(142,24): warning C4018: '<': signed 또는 unsigned가 일치하지 않습니다.
C:\Users\user\Downloads\24.2.19.20.04\5_Project\LinaAnimation\NestModule\Converter.cpp(150,47): warning C4267: '초기화 중': 'size_t'에서 'int'(으)로 변환하면서 데이터가 손실될 수 있습니다.
C:\Users\user\Downloads\24.2.19.20.04\5_Project\LinaAnimation\NestModule\Converter.cpp(150,26): warning C4267: '초기화 중': 'size_t'에서 'const int'(으)로 변환하면서 데이터가 손실될 수 있습니다.
C:\Users\user\Downloads\24.2.19.20.04\5_Project\LinaAnimation\NestModule\Converter.cpp(155,25): warning C4018: '<': signed 또는 unsigned가 일치하지 않습니다.
C:\Users\user\Downloads\24.2.19.20.04\5_Project\LinaAnimation\NestModule\Converter.cpp(184,26): warning C4018: '<': signed 또는 unsigned가 일치하지 않습니다.
C:\Program Files\Microsoft Visual Studio\2022\Community\VC\Tools\MSVC\14.39.33519\include\xutility(4537,18): warning C4244: '=': 'wchar_t'에서 'char'(으)로 변환하면서 데이터가 손실될 수 있습니다.
  (소스 파일 'Converter.cpp'을(를) 컴파일하는 중)
  C:\Program Files\Microsoft Visual Studio\2022\Community\VC\Tools\MSVC\14.39.33519\include\xutility(4537,18):
  템플릿 인스턴스화 컨텍스트(가장 오래된 인스턴스화 컨텍스트)가
  	C:\Users\user\Downloads\24.2.19.20.04\5_Project\LinaAnimation\NestModule\Converter.cpp(32,22):
  	컴파일되는 함수 템플릿 인스턴스화 'std::basic_string<char,std::char_traits<char>,std::allocator<char>>::basic_string<std::_String_iterator<std::_String_val<std::_Simple_types<_Elem>>>,0>(_Iter,_Iter,const _Alloc &)'에 대한 참조를 확인하세요.
          with
          [
              _Elem=wchar_t,
              _Iter=std::_String_iterator<std::_String_val<std::_Simple_types<wchar_t>>>,
              _Alloc=std::allocator<char>
          ]
  		C:\Users\user\Downloads\24.2.19.20.04\5_Project\LinaAnimation\NestModule\Converter.cpp(32,22):
  		'Converter::ReadFile'에서 'std::basic_string<char,std::char_traits<char>,std::allocator<char>>::basic_string'에 대한 첫 번째 참조를 확인하세요.
  	C:\Program Files\Microsoft Visual Studio\2022\Community\VC\Tools\MSVC\14.39.33519\include\xstring(2600,17):
  	컴파일되는 함수 템플릿 인스턴스화 'void std::basic_string<char,std::char_traits<char>,std::allocator<char>>::_Construct_from_iter<wchar_t*,wchar_t*,_Size_type>(_Iter,const _Sent,_Size)'에 대한 참조를 확인하세요.
          with
          [
              _Size_type=unsigned __int64,
              _Iter=wchar_t *,
              _Sent=wchar_t *,
              _Size=unsigned __int64
          ]
  	C:\Program Files\Microsoft Visual Studio\2022\Community\VC\Tools\MSVC\14.39.33519\include\xstring(2756,18):
  	컴파일되는 함수 템플릿 인스턴스화 '_OutIt *std::_Copy_n_unchecked4<wchar_t*,_Size,char*>(_InIt,_SizeTy,_OutIt)'에 대한 참조를 확인하세요.
          with
          [
              _OutIt=char *,
              _Size=unsigned __int64,
              _InIt=wchar_t *,
              _SizeTy=unsigned __int64
          ]
  
  Entity.cpp
  EntityBuilder.cpp
  EntityFactory.cpp
  GraphicsComponent.cpp
  InputManager.cpp
  JsonManager.cpp
  ObjectManager.cpp
  PathManager.cpp
  ResourceManager.cpp
  Scene.cpp
  SceneManager.cpp
  SoundManager.cpp
  SphereColliderComponent.cpp
  TimeManager.cpp
  TRSComponent.cpp
  코드를 생성하고 있습니다...
C:\Users\user\Downloads\24.2.19.20.04\5_Project\LinaAnimation\NestModule\Converter.cpp(298,1): warning C4715: 'Converter::GetBoneIndex': 모든 제어 경로에서 값을 반환하지는 않습니다.
Assimp-vc143-mt.lib(assimp-vc143-mt.dll) : warning LNK4006: __NULL_IMPORT_DESCRIPTOR이(가) fmod_vc.lib(fmod.dll)에 이미 정의되어 있습니다. 초 정의가 무시됩니다.
jsoncpp.lib(jsoncpp.dll) : warning LNK4006: __NULL_IMPORT_DESCRIPTOR이(가) fmod_vc.lib(fmod.dll)에 이미 정의되어 있습니다. 초 정의가 무시됩니다.
JsonManager.obj : warning LNK4006: "public: bool __cdecl Json::ValueIteratorBase::operator!=(class Json::ValueIteratorBase const &)const " (??9ValueIteratorBase@Json@@QEBA_NAEBV01@@Z)이(가) jsoncpp.lib(jsoncpp.dll)에 이미 정의되어 있습니다. 초 정의가 무시됩니다.
JsonManager.obj : warning LNK4006: "public: __cdecl Json::ValueIteratorBase::~ValueIteratorBase(void)" (??1ValueIteratorBase@Json@@QEAA@XZ)이(가) jsoncpp.lib(jsoncpp.dll)에 이미 정의되어 있습니다. 초 정의가 무시됩니다.
JsonManager.obj : warning LNK4006: "public: class Json::ValueConstIterator & __cdecl Json::ValueConstIterator::operator++(void)" (??EValueConstIterator@Json@@QEAAAEAV01@XZ)이(가) jsoncpp.lib(jsoncpp.dll)에 이미 정의되어 있습니다. 초 정의가 무시됩니다.
JsonManager.obj : warning LNK4006: "public: class Json::Value const & __cdecl Json::ValueConstIterator::operator*(void)const " (??DValueConstIterator@Json@@QEBAAEBVValue@1@XZ)이(가) jsoncpp.lib(jsoncpp.dll)에 이미 정의되어 있습니다. 초 정의가 무시됩니다.
JsonManager.obj : warning LNK4006: "public: __cdecl Json::ValueConstIterator::~ValueConstIterator(void)" (??1ValueConstIterator@Json@@QEAA@XZ)이(가) jsoncpp.lib(jsoncpp.dll)에 이미 정의되어 있습니다. 초 정의가 무시됩니다.
  NestModule.vcxproj -> C:\Users\user\Downloads\24.2.19.20.04\5_Project\LinaAnimation\x64\Debug\NestModule.lib
