e:\project\5_project\linaanimation\x64\debug\nestmodule.pdb
e:\project\5_project\linaanimation\x64\debug\nestmodule.idb
e:\project\5_project\linaanimation\nestmodule\x64\debug\trscomponent.obj
e:\project\5_project\linaanimation\nestmodule\x64\debug\timemanager.obj
e:\project\5_project\linaanimation\nestmodule\x64\debug\spherecollidercomponent.obj
e:\project\5_project\linaanimation\nestmodule\x64\debug\soundmanager.obj
e:\project\5_project\linaanimation\nestmodule\x64\debug\scenemanager.obj
e:\project\5_project\linaanimation\nestmodule\x64\debug\scene.obj
e:\project\5_project\linaanimation\nestmodule\x64\debug\resourcemanager.obj
e:\project\5_project\linaanimation\nestmodule\x64\debug\pathmanager.obj
e:\project\5_project\linaanimation\nestmodule\x64\debug\objectmanager.obj
e:\project\5_project\linaanimation\nestmodule\x64\debug\jsonmanager.obj
e:\project\5_project\linaanimation\nestmodule\x64\debug\inputmanager.obj
e:\project\5_project\linaanimation\nestmodule\x64\debug\graphicscomponent.obj
e:\project\5_project\linaanimation\nestmodule\x64\debug\entityfactory.obj
e:\project\5_project\linaanimation\nestmodule\x64\debug\entitybuilder.obj
e:\project\5_project\linaanimation\nestmodule\x64\debug\entity.obj
e:\project\5_project\linaanimation\nestmodule\x64\debug\converter.obj
e:\project\5_project\linaanimation\nestmodule\x64\debug\collisionmanager.obj
e:\project\5_project\linaanimation\nestmodule\x64\debug\boxcollidercomponent.obj
e:\project\5_project\linaanimation\x64\debug\nestmodule.lib
e:\project\5_project\linaanimation\nestmodule\x64\debug\nestmodule.tlog\cl.command.1.tlog
e:\project\5_project\linaanimation\nestmodule\x64\debug\nestmodule.tlog\cl.items.tlog
e:\project\5_project\linaanimation\nestmodule\x64\debug\nestmodule.tlog\cl.read.1.tlog
e:\project\5_project\linaanimation\nestmodule\x64\debug\nestmodule.tlog\cl.write.1.tlog
e:\project\5_project\linaanimation\nestmodule\x64\debug\nestmodule.tlog\lib-link.read.1.tlog
e:\project\5_project\linaanimation\nestmodule\x64\debug\nestmodule.tlog\lib-link.write.1.tlog
e:\project\5_project\linaanimation\nestmodule\x64\debug\nestmodule.tlog\lib.command.1.tlog
