e:\project\5_project\linaanimation\main_demographics\x64\debug\vc143.pdb
e:\project\5_project\linaanimation\main_demographics\x64\debug\vc143.idb
e:\project\5_project\linaanimation\main_demographics\x64\debug\main_demo.obj
e:\project\5_project\linaanimation\main_demographics\x64\debug\gameprocessdemo.obj
e:\project\5_project\linaanimation\main_demographics\x64\debug\extimer.obj
e:\project\5_project\linaanimation\main_demographics\x64\debug\dxbox.obj
e:\project\5_project\linaanimation\x64\debug\cubemappingpixelshader.cso
e:\project\5_project\linaanimation\x64\debug\cubemappingvertexshader.cso
e:\project\5_project\linaanimation\x64\debug\normalpixelshader.cso
e:\project\5_project\linaanimation\x64\debug\normalvertexshader.cso
e:\project\5_project\linaanimation\x64\debug\pixelshader.cso
e:\project\5_project\linaanimation\x64\debug\vertexshader.cso
e:\project\5_project\linaanimation\x64\debug\main_demographics.exe
e:\project\5_project\linaanimation\main_demographics\x64\debug\main_demographics.ilk
e:\project\5_project\linaanimation\x64\debug\main_demographics.pdb
e:\project\5_project\linaanimation\main_demographics\x64\debug\gameobject.obj
e:\project\5_project\linaanimation\main_demographics\x64\debug\main_dem.aa73426b.tlog\cl.command.1.tlog
e:\project\5_project\linaanimation\main_demographics\x64\debug\main_dem.aa73426b.tlog\cl.items.tlog
e:\project\5_project\linaanimation\main_demographics\x64\debug\main_dem.aa73426b.tlog\cl.read.1.tlog
e:\project\5_project\linaanimation\main_demographics\x64\debug\main_dem.aa73426b.tlog\cl.write.1.tlog
e:\project\5_project\linaanimation\main_demographics\x64\debug\main_dem.aa73426b.tlog\fxc.command.1.tlog
e:\project\5_project\linaanimation\main_demographics\x64\debug\main_dem.aa73426b.tlog\fxc.read.1.tlog
e:\project\5_project\linaanimation\main_demographics\x64\debug\main_dem.aa73426b.tlog\fxc.write.1.tlog
e:\project\5_project\linaanimation\main_demographics\x64\debug\main_dem.aa73426b.tlog\link.command.1.tlog
e:\project\5_project\linaanimation\main_demographics\x64\debug\main_dem.aa73426b.tlog\link.read.1.tlog
e:\project\5_project\linaanimation\main_demographics\x64\debug\main_dem.aa73426b.tlog\link.write.1.tlog
