e:\project\5_project\linaanimation\x64\debug\dxrenderer.pdb
e:\project\5_project\linaanimation\x64\debug\dxrenderer.idb
e:\project\5_project\linaanimation\dxrenderer\x64\debug\meshgroup.obj
e:\project\5_project\linaanimation\dxrenderer\x64\debug\nestrenderer.obj
e:\project\5_project\linaanimation\dxrenderer\x64\debug\nestdevice.obj
e:\project\5_project\linaanimation\dxrenderer\x64\debug\guimanager.obj
e:\project\5_project\linaanimation\dxrenderer\x64\debug\d3dutilities.obj
e:\project\5_project\linaanimation\dxrenderer\x64\debug\camera.obj
e:\project\5_project\linaanimation\dxrenderer\x64\debug\skeltameshgroup.obj
e:\project\5_project\linaanimation\dxrenderer\x64\debug\boneinstance.obj
e:\project\5_project\linaanimation\x64\debug\dxrenderer.lib
e:\project\5_project\linaanimation\dxrenderer\x64\debug\dxrenderer.res
e:\project\5_project\linaanimation\dxrenderer\x64\debug\cubemapping.obj
e:\project\5_project\linaanimation\dxrenderer\x64\debug\dxrenderer.tlog\cl.command.1.tlog
e:\project\5_project\linaanimation\dxrenderer\x64\debug\dxrenderer.tlog\cl.items.tlog
e:\project\5_project\linaanimation\dxrenderer\x64\debug\dxrenderer.tlog\cl.read.1.tlog
e:\project\5_project\linaanimation\dxrenderer\x64\debug\dxrenderer.tlog\cl.write.1.tlog
e:\project\5_project\linaanimation\dxrenderer\x64\debug\dxrenderer.tlog\lib-link-cvtres.read.1.tlog
e:\project\5_project\linaanimation\dxrenderer\x64\debug\dxrenderer.tlog\lib-link-cvtres.write.1.tlog
e:\project\5_project\linaanimation\dxrenderer\x64\debug\dxrenderer.tlog\lib.command.1.tlog
e:\project\5_project\linaanimation\dxrenderer\x64\debug\dxrenderer.tlog\rc.command.1.tlog
e:\project\5_project\linaanimation\dxrenderer\x64\debug\dxrenderer.tlog\rc.read.1.tlog
e:\project\5_project\linaanimation\dxrenderer\x64\debug\dxrenderer.tlog\rc.write.1.tlog
